<?xml version="1.0" encoding="UTF-8"?>
<!-- Generated by org.testng.reporters.JUnitXMLReporter -->
<testsuite hostname="vasu-PC" name="Selenium" tests="8" failures="0" timestamp="2 Jun 2018 05:23:09 GMT" time="24.157" errors="0">
  <testcase name="sample" time="0.009" classname="com.testng.FirstTestNgTest"/>
  <testcase name="appClose" time="0.002" classname="com.testng.MultipleTestCase"/>
  <testcase name="appLaunch" time="0.002" classname="com.testng.MultipleTestCase"/>
  <testcase name="appLogin" time="0.002" classname="com.testng.MultipleTestCase"/>
  <testcase name="adminLogin" time="10.876" classname="com.testng.AdminLoginTest"/>
  <testcase name="appLogin" time="3.439" classname="com.testng.BeforeTestAfterTest"/>
  <testcase name="method1" time="0.001" classname="com.testng.Annotations"/>
  <testcase name="method2" time="0.001" classname="com.testng.Annotations"/>
</testsuite> <!-- Selenium -->
