<?xml version="1.0" encoding="UTF-8"?>
<!-- Generated by org.testng.reporters.JUnitXMLReporter -->
<testsuite hostname="vasu-PC" name="Regression" tests="2" failures="1" timestamp="2 Jun 2018 05:41:25 GMT" time="9.901" errors="0">
  <testcase name="empAdd" time="4.605" classname="com.testng.AddEmpTest"/>
  <testcase name="empList" time="2.004" classname="com.testng.EmpListTest">
    <failure type="java.lang.NullPointerException">
      <![CDATA[java.lang.NullPointerException
	at com.testng.EmpListTest.empList(EmpListTest.java:15)
... Removed 24 stack frames]]>
    </failure>
  </testcase> <!-- empList -->
</testsuite> <!-- Regression -->
