<?xml version="1.0" encoding="UTF-8"?>
<testng-results skipped="0" failed="0" total="1" passed="1">
  <reporter-output>
  </reporter-output>
  <suite name="Default suite" duration-ms="1252" started-at="2018-06-03T05:04:55Z" finished-at="2018-06-03T05:04:56Z">
    <groups>
    </groups>
    <test name="Default test" duration-ms="1252" started-at="2018-06-03T05:04:55Z" finished-at="2018-06-03T05:04:56Z">
      <class name="com.functionLibrary.WritingData">
        <test-method status="PASS" signature="write()[pri:0, instance:com.functionLibrary.WritingData@56f4468b]" name="write" duration-ms="1205" started-at="2018-06-03T10:34:55Z" finished-at="2018-06-03T10:34:56Z">
          <reporter-output>
          </reporter-output>
        </test-method> <!-- write -->
      </class> <!-- com.functionLibrary.WritingData -->
    </test> <!-- Default test -->
  </suite> <!-- Default suite -->
</testng-results>
